INFO: Starting build and sign process.
INFO: Setting up Android SDK directory...
INFO: Downloading Android SDK...
INFO: Restructuring cmdline-tools...
INFO: Installing SDK packages...
INFO: Building the application...
Configuration on demand is an incubating feature.
> Task :app:buildKotlinToolingMetadata UP-TO-DATE
> Task :app:checkKotlinGradlePluginConfigurationErrors
> Task :app:preBuild UP-TO-DATE
> Task :app:preReleaseBuild UP-TO-DATE
> Task :app:generateReleaseBuildConfig UP-TO-DATE
> Task :app:checkReleaseAarMetadata UP-TO-DATE
> Task :app:generateReleaseResValues UP-TO-DATE
> Task :app:mapReleaseSourceSetPaths UP-TO-DATE
> Task :app:generateReleaseResources UP-TO-DATE
> Task :app:mergeReleaseResources UP-TO-DATE
> Task :app:packageReleaseResources UP-TO-DATE
> Task :app:parseReleaseLocalResources UP-TO-DATE
> Task :app:createReleaseCompatibleScreenManifests UP-TO-DATE
> Task :app:extractDeepLinksRelease UP-TO-DATE
> Task :app:processReleaseMainManifest
> Task :app:processReleaseManifest UP-TO-DATE
> Task :app:processReleaseManifestForPackage UP-TO-DATE
> Task :app:javaPreCompileRelease UP-TO-DATE
> Task :app:extractProguardFiles UP-TO-DATE
> Task :app:mergeReleaseJniLibFolders UP-TO-DATE
> Task :app:mergeReleaseNativeLibs
> Task :app:desugarReleaseFileDependencies UP-TO-DATE
> Task :app:mergeReleaseArtProfile UP-TO-DATE
> Task :app:mergeReleaseShaders UP-TO-DATE
> Task :app:processReleaseResources

> Task :app:stripReleaseDebugSymbols
Unable to strip the following libraries, packaging them as they are: libllm_inference_engine_jni.so.

> Task :app:checkReleaseDuplicateClasses
> Task :app:extractReleaseNativeSymbolTables
> Task :app:compileReleaseKotlin
> Task :app:mergeExtDexRelease
> Task :app:mergeReleaseNativeDebugMetadata NO-SOURCE
> Task :app:compileReleaseShaders NO-SOURCE
> Task :app:generateReleaseAssets UP-TO-DATE
> Task :app:mergeReleaseAssets UP-TO-DATE
> Task :app:compressReleaseAssets UP-TO-DATE
> Task :app:optimizeReleaseResources UP-TO-DATE
> Task :app:collectReleaseDependencies
> Task :app:sdkReleaseDependencyData
> Task :app:writeReleaseAppMetadata UP-TO-DATE
> Task :app:writeReleaseSigningConfigVersions UP-TO-DATE

> Task :app:compileReleaseKotlin
e: file:///app/app/src/main/kotlin/com/google/ai/sample/MenuScreen.kt:167:76 @Composable invocations can only happen from the context of a @Composable function
e: file:///app/app/src/main/kotlin/com/google/ai/sample/feature/multimodal/PhotoReasoningViewModel.kt:93:69 Variable 'aiResultReceiver' must be initialized
e: file:///app/app/src/main/kotlin/com/google/ai/sample/feature/multimodal/PhotoReasoningViewModel.kt:94:15 Variable 'TAG' must be initialized
e: file:///app/app/src/main/kotlin/com/google/ai/sample/feature/multimodal/PhotoReasoningViewModel.kt:97:69 Variable 'aiResultStreamReceiver' must be initialized
e: file:///app/app/src/main/kotlin/com/google/ai/sample/feature/multimodal/PhotoReasoningViewModel.kt:98:15 Variable 'TAG' must be initialized

> Task :app:compileReleaseKotlin FAILED

FAILURE: Build failed with an exception.

* What went wrong:
Execution failed for task ':app:compileReleaseKotlin'.
> A failure occurred while executing org.jetbrains.kotlin.compilerRunner.GradleCompilerRunnerWithWorkers$GradleKotlinCompilerWorkAction
   > Compilation error. See log for more details

* Try:
> Run with --stacktrace option to get the stack trace.
> Run with --info or --debug option to get more log output.
> Run with --scan to get full insights.
> Get more help at https://help.gradle.org.

BUILD FAILED in 1m 30s
34 actionable tasks: 11 executed, 23 up-to-date
